[2025-Feb-25 19:33:01.825 -05:00][ 4614: 4614][info ] Logging initialized
[2025-Feb-25 19:33:01.825 -05:00][ 4614: 4614][info ] Initializing krisp SDK...
[2025-Feb-25 19:33:01.825 -05:00][ 4614: 4614][info ] DoKrispInitialize
[2025-Feb-25 19:33:02.151 -05:00][ 4614: 4614][info ] LoadDynamicKrisp
[2025-Feb-25 19:33:02.151 -05:00][ 4614: 4614][info ] Did not find KRISP_DYLIB_PATH, skipping dynamic loading
[2025-Feb-25 19:33:02.151 -05:00][ 4614: 4614][info ] Initializing Krisp SDK in PID 4614, addr 0x7c9ef17908f0
[2025-Feb-25 19:33:02.356 -05:00][ 4614: 4614][info ] Initialized Krisp SDK successfully
[2025-Feb-25 19:33:02.356 -05:00][ 4614: 4614][info ] Krisp SDK initialized
[2025-Feb-25 19:33:48.553 -05:00][ 4614: 4642][info ] KrispNCSetup: sampleRate = 48000, duration = 10
[2025-Feb-25 19:33:48.553 -05:00][ 4614: 4642][info ] Setting Krisp model: full_NC
[2025-Feb-25 19:33:48.596 -05:00][ 4614: 4642][info ] KrispVADSetup: sampleRate = 48000, duration = 10
[2025-Feb-25 19:59:01.892 -05:00][ 9033: 9033][info ] Logging initialized
[2025-Feb-25 19:59:01.892 -05:00][ 9033: 9033][info ] Initializing krisp SDK...
[2025-Feb-25 19:59:01.892 -05:00][ 9033: 9033][info ] DoKrispInitialize
[2025-Feb-25 19:59:02.212 -05:00][ 9033: 9033][info ] LoadDynamicKrisp
[2025-Feb-25 19:59:02.212 -05:00][ 9033: 9033][info ] Did not find KRISP_DYLIB_PATH, skipping dynamic loading
[2025-Feb-25 19:59:02.212 -05:00][ 9033: 9033][info ] Initializing Krisp SDK in PID 9033, addr 0x7b55c93908f0
[2025-Feb-25 19:59:02.422 -05:00][ 9033: 9033][info ] Initialized Krisp SDK successfully
[2025-Feb-25 19:59:02.422 -05:00][ 9033: 9033][info ] Krisp SDK initialized
[2025-Feb-25 19:59:07.984 -05:00][ 9033: 9058][info ] KrispNCSetup: sampleRate = 48000, duration = 10
[2025-Feb-25 19:59:07.985 -05:00][ 9033: 9058][info ] Setting Krisp model: full_NC
[2025-Feb-25 19:59:07.993 -05:00][ 9033: 9058][info ] KrispVADSetup: sampleRate = 48000, duration = 10
[2025-Feb-25 20:02:32.558 -05:00][10119:10119][info ] Logging initialized
[2025-Feb-25 20:02:32.558 -05:00][10119:10119][info ] Initializing krisp SDK...
[2025-Feb-25 20:02:32.558 -05:00][10119:10119][info ] DoKrispInitialize
[2025-Feb-25 20:02:32.880 -05:00][10119:10119][info ] LoadDynamicKrisp
[2025-Feb-25 20:02:32.880 -05:00][10119:10119][info ] Did not find KRISP_DYLIB_PATH, skipping dynamic loading
[2025-Feb-25 20:02:32.880 -05:00][10119:10119][info ] Initializing Krisp SDK in PID 10119, addr 0x7edff4d908f0
[2025-Feb-25 20:02:33.088 -05:00][10119:10119][info ] Initialized Krisp SDK successfully
[2025-Feb-25 20:02:33.088 -05:00][10119:10119][info ] Krisp SDK initialized
[2025-Feb-25 20:02:40.395 -05:00][10119:10151][info ] KrispNCSetup: sampleRate = 48000, duration = 10
[2025-Feb-25 20:02:40.395 -05:00][10119:10151][info ] Setting Krisp model: full_NC
[2025-Feb-25 20:02:40.403 -05:00][10119:10151][info ] KrispVADSetup: sampleRate = 48000, duration = 10
[2025-Feb-27 20:34:47.474 -05:00][19066:19066][info ] Logging initialized
[2025-Feb-27 20:34:47.474 -05:00][19066:19066][info ] Initializing krisp SDK...
[2025-Feb-27 20:34:47.474 -05:00][19066:19066][info ] DoKrispInitialize
[2025-Feb-27 20:34:48.067 -05:00][19066:19066][info ] LoadDynamicKrisp
[2025-Feb-27 20:34:48.067 -05:00][19066:19066][info ] Did not find KRISP_DYLIB_PATH, skipping dynamic loading
[2025-Feb-27 20:34:48.067 -05:00][19066:19066][info ] Initializing Krisp SDK in PID 19066, addr 0x757fe8f908f0
[2025-Feb-27 20:34:48.417 -05:00][19066:19066][info ] Initialized Krisp SDK successfully
[2025-Feb-27 20:34:48.417 -05:00][19066:19066][info ] Krisp SDK initialized
[2025-Mar-27 22:07:24.233 -04:00][24636:24636][info ] Logging initialized
[2025-Mar-27 22:07:24.233 -04:00][24636:24636][info ] Initializing krisp SDK...
[2025-Mar-27 22:07:24.233 -04:00][24636:24636][info ] DoKrispInitialize
[2025-Mar-27 22:07:24.664 -04:00][24636:24636][info ] LoadDynamicKrisp
[2025-Mar-27 22:07:24.664 -04:00][24636:24636][info ] Did not find KRISP_DYLIB_PATH, skipping dynamic loading
[2025-Mar-27 22:07:24.664 -04:00][24636:24636][info ] Initializing Krisp SDK in PID 24636, addr 0x734dabf908f0
[2025-Mar-27 22:07:24.914 -04:00][24636:24636][info ] Initialized Krisp SDK successfully
[2025-Mar-27 22:07:24.914 -04:00][24636:24636][info ] Krisp SDK initialized
